c:\users\kesava\documents\visual studio 2013\projects\cpp_cw2016\cpp_cw2016\debug\courseworkbase.bsc
c:\users\kesava\documents\visual studio 2013\projects\cpp_cw2016\cpp_cw2016\debug\vc120.pdb
c:\users\kesava\documents\visual studio 2013\projects\cpp_cw2016\cpp_cw2016\debug\vc120.idb
c:\users\kesava\documents\visual studio 2013\projects\cpp_cw2016\cpp_cw2016\debug\demoamain.sbr
c:\users\kesava\documents\visual studio 2013\projects\cpp_cw2016\cpp_cw2016\debug\demobobject.sbr
c:\users\kesava\documents\visual studio 2013\projects\cpp_cw2016\cpp_cw2016\debug\mainfunction.sbr
c:\users\kesava\documents\visual studio 2013\projects\cpp_cw2016\cpp_cw2016\debug\baseengine.sbr
c:\users\kesava\documents\visual studio 2013\projects\cpp_cw2016\cpp_cw2016\debug\displayableobject.sbr
c:\users\kesava\documents\visual studio 2013\projects\cpp_cw2016\cpp_cw2016\debug\fontmanager.sbr
c:\users\kesava\documents\visual studio 2013\projects\cpp_cw2016\cpp_cw2016\debug\jpgimage.sbr
c:\users\kesava\documents\visual studio 2013\projects\cpp_cw2016\cpp_cw2016\debug\psyku1object.sbr
c:\users\kesava\documents\visual studio 2013\projects\cpp_cw2016\cpp_cw2016\debug\psyku2object.sbr
c:\users\kesava\documents\visual studio 2013\projects\cpp_cw2016\cpp_cw2016\debug\psykuengine.sbr
c:\users\kesava\documents\visual studio 2013\projects\cpp_cw2016\cpp_cw2016\debug\psykutilemanager.sbr
c:\users\kesava\documents\visual studio 2013\projects\cpp_cw2016\cpp_cw2016\debug\simpledemo.sbr
c:\users\kesava\documents\visual studio 2013\projects\cpp_cw2016\cpp_cw2016\debug\tilemanager.sbr
c:\users\kesava\documents\visual studio 2013\projects\cpp_cw2016\cpp_cw2016\debug\bouncingball.sbr
c:\users\kesava\documents\visual studio 2013\projects\cpp_cw2016\cpp_cw2016\debug\bouncingballmain.sbr
c:\users\kesava\documents\visual studio 2013\projects\cpp_cw2016\cpp_cw2016\debug\demo1main.sbr
c:\users\kesava\documents\visual studio 2013\projects\cpp_cw2016\cpp_cw2016\debug\demo2main.sbr
c:\users\kesava\documents\visual studio 2013\projects\cpp_cw2016\cpp_cw2016\debug\demo2object.sbr
c:\users\kesava\documents\visual studio 2013\projects\cpp_cw2016\cpp_cw2016\debug\demo2tilemanager.sbr
c:\users\kesava\documents\visual studio 2013\projects\cpp_cw2016\cpp_cw2016\debug\demo3main.sbr
c:\users\kesava\documents\visual studio 2013\projects\cpp_cw2016\cpp_cw2016\debug\demo3main.obj
c:\users\kesava\documents\visual studio 2013\projects\cpp_cw2016\cpp_cw2016\debug\demo2tilemanager.obj
c:\users\kesava\documents\visual studio 2013\projects\cpp_cw2016\cpp_cw2016\debug\demo2object.obj
c:\users\kesava\documents\visual studio 2013\projects\cpp_cw2016\cpp_cw2016\debug\demo2main.obj
c:\users\kesava\documents\visual studio 2013\projects\cpp_cw2016\cpp_cw2016\debug\demo1main.obj
c:\users\kesava\documents\visual studio 2013\projects\cpp_cw2016\cpp_cw2016\debug\bouncingballmain.obj
c:\users\kesava\documents\visual studio 2013\projects\cpp_cw2016\cpp_cw2016\debug\bouncingball.obj
c:\users\kesava\documents\visual studio 2013\projects\cpp_cw2016\cpp_cw2016\debug\tilemanager.obj
c:\users\kesava\documents\visual studio 2013\projects\cpp_cw2016\cpp_cw2016\debug\simpledemo.obj
c:\users\kesava\documents\visual studio 2013\projects\cpp_cw2016\cpp_cw2016\debug\psykutilemanager.obj
c:\users\kesava\documents\visual studio 2013\projects\cpp_cw2016\cpp_cw2016\debug\psykuengine.obj
c:\users\kesava\documents\visual studio 2013\projects\cpp_cw2016\cpp_cw2016\debug\psyku2object.obj
c:\users\kesava\documents\visual studio 2013\projects\cpp_cw2016\cpp_cw2016\debug\psyku1object.obj
c:\users\kesava\documents\visual studio 2013\projects\cpp_cw2016\cpp_cw2016\debug\jpgimage.obj
c:\users\kesava\documents\visual studio 2013\projects\cpp_cw2016\cpp_cw2016\debug\fontmanager.obj
c:\users\kesava\documents\visual studio 2013\projects\cpp_cw2016\cpp_cw2016\debug\displayableobject.obj
c:\users\kesava\documents\visual studio 2013\projects\cpp_cw2016\cpp_cw2016\debug\baseengine.obj
c:\users\kesava\documents\visual studio 2013\projects\cpp_cw2016\cpp_cw2016\debug\mainfunction.obj
c:\users\kesava\documents\visual studio 2013\projects\cpp_cw2016\cpp_cw2016\debug\demobobject.obj
c:\users\kesava\documents\visual studio 2013\projects\cpp_cw2016\cpp_cw2016\debug\demoamain.obj
c:\users\kesava\documents\visual studio 2013\projects\cpp_cw2016\cpp_cw2016\debug\demo3object.sbr
c:\users\kesava\documents\visual studio 2013\projects\cpp_cw2016\cpp_cw2016\debug\demo3objectfinished.sbr
c:\users\kesava\documents\visual studio 2013\projects\cpp_cw2016\cpp_cw2016\debug\demo3tilemanager.sbr
c:\users\kesava\documents\visual studio 2013\projects\cpp_cw2016\cpp_cw2016\debug\demo4main.sbr
c:\users\kesava\documents\visual studio 2013\projects\cpp_cw2016\cpp_cw2016\debug\demo4object.sbr
c:\users\kesava\documents\visual studio 2013\projects\cpp_cw2016\cpp_cw2016\debug\demo4tilemanager.sbr
c:\users\kesava\documents\visual studio 2013\projects\cpp_cw2016\cpp_cw2016\debug\demo4tilemanager.obj
c:\users\kesava\documents\visual studio 2013\projects\cpp_cw2016\cpp_cw2016\debug\demo4object.obj
c:\users\kesava\documents\visual studio 2013\projects\cpp_cw2016\cpp_cw2016\debug\demo4main.obj
c:\users\kesava\documents\visual studio 2013\projects\cpp_cw2016\cpp_cw2016\debug\demo3tilemanager.obj
c:\users\kesava\documents\visual studio 2013\projects\cpp_cw2016\cpp_cw2016\debug\demo3objectfinished.obj
c:\users\kesava\documents\visual studio 2013\projects\cpp_cw2016\cpp_cw2016\debug\demo3object.obj
c:\users\kesava\documents\visual studio 2013\projects\cpp_cw2016\cpp_cw2016\debug\courseworkbase.ilk
c:\users\kesava\documents\visual studio 2013\projects\cpp_cw2016\cpp_cw2016\debug\courseworkbase.exe
c:\users\kesava\documents\visual studio 2013\projects\cpp_cw2016\cpp_cw2016\src\map
c:\users\kesava\documents\visual studio 2013\projects\cpp_cw2016\cpp_cw2016\debug\courseworkbase.pdb
c:\users\kesava\documents\visual studio 2013\projects\cpp_cw2016\cpp_cw2016\/debug\courseworkbase.pdb
c:\users\kesava\documents\visual studio 2013\projects\cpp_cw2016\cpp_cw2016\/debug\courseworkbase.exe
c:\users\kesava\documents\visual studio 2013\projects\cpp_cw2016\cpp_cw2016\/debug\courseworkbase.bsc
c:\users\kesava\documents\visual studio 2013\projects\cpp_cw2016\cpp_cw2016\/debug\courseworkbase.ilk
c:\users\kesava\documents\visual studio 2013\projects\cpp_cw2016\cpp_cw2016\debug\courseworkbase.tlog\bscmake.command.1.tlog
c:\users\kesava\documents\visual studio 2013\projects\cpp_cw2016\cpp_cw2016\debug\courseworkbase.tlog\bscmake.read.1.tlog
c:\users\kesava\documents\visual studio 2013\projects\cpp_cw2016\cpp_cw2016\debug\courseworkbase.tlog\bscmake.write.1.tlog
c:\users\kesava\documents\visual studio 2013\projects\cpp_cw2016\cpp_cw2016\debug\courseworkbase.tlog\cl.command.1.tlog
c:\users\kesava\documents\visual studio 2013\projects\cpp_cw2016\cpp_cw2016\debug\courseworkbase.tlog\cl.read.1.tlog
c:\users\kesava\documents\visual studio 2013\projects\cpp_cw2016\cpp_cw2016\debug\courseworkbase.tlog\cl.write.1.tlog
c:\users\kesava\documents\visual studio 2013\projects\cpp_cw2016\cpp_cw2016\debug\courseworkbase.tlog\link.command.1.tlog
c:\users\kesava\documents\visual studio 2013\projects\cpp_cw2016\cpp_cw2016\debug\courseworkbase.tlog\link.read.1.tlog
c:\users\kesava\documents\visual studio 2013\projects\cpp_cw2016\cpp_cw2016\debug\courseworkbase.tlog\link.write.1.tlog
