Build started 31/03/2017 19:43:46.
     1>Project "C:\Users\Kesava\Documents\Visual Studio 2013\Projects\CPP_CW2016\CPP_CW2016\src\CourseworkBase.vcxproj" on node 2 (Build target(s)).
     1>ClCompile:
         C:\Program Files (x86)\Microsoft Visual Studio 12.0\VC\bin\CL.exe /c /I..\SDL\include /ZI /nologo /W1 /WX- /Od /Oy- /Gm- /EHsc /MD /GS /fp:precise /Zc:wchar_t /Zc:forScope /Fo"C:\Users\Kesava\Documents\Visual Studio 2013\Projects\CPP_CW2016\CPP_CW2016\/Debug\\" /Fd"C:\Users\Kesava\Documents\Visual Studio 2013\Projects\CPP_CW2016\CPP_CW2016\/Debug\vc120.pdb" /FR"C:\Users\Kesava\Documents\Visual Studio 2013\Projects\CPP_CW2016\CPP_CW2016\/Debug\\" /Gd /TP /analyze- /errorReport:prompt ..\..\..\..\..\..\Desktop\DemoAMain.cpp ..\..\..\..\..\..\Desktop\DemoBObject.cpp
         DemoAMain.cpp
         DemoBObject.cpp
         Generating Code...
       Link:
         C:\Program Files (x86)\Microsoft Visual Studio 12.0\VC\bin\link.exe /ERRORREPORT:PROMPT /OUT:"C:\Users\Kesava\Documents\Visual Studio 2013\Projects\CPP_CW2016\CPP_CW2016\/Debug\CourseworkBase.exe" /NOLOGO /LIBPATH:..\SDL\libx86 SDL2.lib SDL2main.lib SDL2_image.lib SDL2_ttf.lib kernel32.lib user32.lib gdi32.lib winspool.lib comdlg32.lib advapi32.lib shell32.lib ole32.lib oleaut32.lib uuid.lib odbc32.lib odbccp32.lib /MANIFEST /MANIFESTUAC:"level='asInvoker' uiAccess='false'" /manifest:embed /DEBUG /PDB:"C:\Users\Kesava\Documents\Visual Studio 2013\Projects\CPP_CW2016\CPP_CW2016\/Debug\CourseworkBase.pdb" /MAP:"map" /SUBSYSTEM:CONSOLE /TLBID:1 /ENTRY:"mainCRTStartup" /DYNAMICBASE:NO /IMPLIB:"C:\Users\Kesava\Documents\Visual Studio 2013\Projects\CPP_CW2016\CPP_CW2016\/Debug\CourseworkBase.lib" /MACHINE:X86 /SAFESEH "C:\Users\Kesava\Documents\Visual Studio 2013\Projects\CPP_CW2016\CPP_CW2016\/Debug\DemoAMain.obj"
         "C:\Users\Kesava\Documents\Visual Studio 2013\Projects\CPP_CW2016\CPP_CW2016\/Debug\DemoBObject.obj"
         "C:\Users\Kesava\Documents\Visual Studio 2013\Projects\CPP_CW2016\CPP_CW2016\/Debug\mainfunction.obj"
         "C:\Users\Kesava\Documents\Visual Studio 2013\Projects\CPP_CW2016\CPP_CW2016\/Debug\BaseEngine.obj"
         "C:\Users\Kesava\Documents\Visual Studio 2013\Projects\CPP_CW2016\CPP_CW2016\/Debug\DisplayableObject.obj"
         "C:\Users\Kesava\Documents\Visual Studio 2013\Projects\CPP_CW2016\CPP_CW2016\/Debug\FontManager.obj"
         "C:\Users\Kesava\Documents\Visual Studio 2013\Projects\CPP_CW2016\CPP_CW2016\/Debug\JPGImage.obj"
         "C:\Users\Kesava\Documents\Visual Studio 2013\Projects\CPP_CW2016\CPP_CW2016\/Debug\Psyku1Object.obj"
         "C:\Users\Kesava\Documents\Visual Studio 2013\Projects\CPP_CW2016\CPP_CW2016\/Debug\Psyku2Object.obj"
         "C:\Users\Kesava\Documents\Visual Studio 2013\Projects\CPP_CW2016\CPP_CW2016\/Debug\PsykuEngine.obj"
         "C:\Users\Kesava\Documents\Visual Studio 2013\Projects\CPP_CW2016\CPP_CW2016\/Debug\PsykuTileManager.obj"
         "C:\Users\Kesava\Documents\Visual Studio 2013\Projects\CPP_CW2016\CPP_CW2016\/Debug\SimpleDemo.obj"
         "C:\Users\Kesava\Documents\Visual Studio 2013\Projects\CPP_CW2016\CPP_CW2016\/Debug\TileManager.obj"
         "C:\Users\Kesava\Documents\Visual Studio 2013\Projects\CPP_CW2016\CPP_CW2016\/Debug\BouncingBall.obj"
         "C:\Users\Kesava\Documents\Visual Studio 2013\Projects\CPP_CW2016\CPP_CW2016\/Debug\BouncingBallMain.obj"
         "C:\Users\Kesava\Documents\Visual Studio 2013\Projects\CPP_CW2016\CPP_CW2016\/Debug\Demo1Main.obj"
         "C:\Users\Kesava\Documents\Visual Studio 2013\Projects\CPP_CW2016\CPP_CW2016\/Debug\Demo2Main.obj"
         "C:\Users\Kesava\Documents\Visual Studio 2013\Projects\CPP_CW2016\CPP_CW2016\/Debug\Demo2Object.obj"
         "C:\Users\Kesava\Documents\Visual Studio 2013\Projects\CPP_CW2016\CPP_CW2016\/Debug\Demo2TileManager.obj"
         "C:\Users\Kesava\Documents\Visual Studio 2013\Projects\CPP_CW2016\CPP_CW2016\/Debug\Demo3Main.obj"
         "C:\Users\Kesava\Documents\Visual Studio 2013\Projects\CPP_CW2016\CPP_CW2016\/Debug\Demo3Object.obj"
         "C:\Users\Kesava\Documents\Visual Studio 2013\Projects\CPP_CW2016\CPP_CW2016\/Debug\Demo3ObjectFinished.obj"
         "C:\Users\Kesava\Documents\Visual Studio 2013\Projects\CPP_CW2016\CPP_CW2016\/Debug\Demo3TileManager.obj"
         "C:\Users\Kesava\Documents\Visual Studio 2013\Projects\CPP_CW2016\CPP_CW2016\/Debug\Demo4Main.obj"
         "C:\Users\Kesava\Documents\Visual Studio 2013\Projects\CPP_CW2016\CPP_CW2016\/Debug\Demo4Object.obj"
         "C:\Users\Kesava\Documents\Visual Studio 2013\Projects\CPP_CW2016\CPP_CW2016\/Debug\Demo4TileManager.obj"
         CourseworkBase.vcxproj -> C:\Users\Kesava\Documents\Visual Studio 2013\Projects\CPP_CW2016\CPP_CW2016\/Debug\CourseworkBase.exe
       BscMake:
         C:\Program Files (x86)\Microsoft Visual Studio 12.0\VC\bin\bscmake.exe /nologo /o"C:\Users\Kesava\Documents\Visual Studio 2013\Projects\CPP_CW2016\CPP_CW2016\/Debug\CourseworkBase.bsc" "C:\Users\Kesava\Documents\Visual Studio 2013\Projects\CPP_CW2016\CPP_CW2016\/Debug\DemoAMain.sbr" "C:\Users\Kesava\Documents\Visual Studio 2013\Projects\CPP_CW2016\CPP_CW2016\/Debug\DemoBObject.sbr" "C:\Users\Kesava\Documents\Visual Studio 2013\Projects\CPP_CW2016\CPP_CW2016\/Debug\mainfunction.sbr" "C:\Users\Kesava\Documents\Visual Studio 2013\Projects\CPP_CW2016\CPP_CW2016\/Debug\BaseEngine.sbr" "C:\Users\Kesava\Documents\Visual Studio 2013\Projects\CPP_CW2016\CPP_CW2016\/Debug\DisplayableObject.sbr" "C:\Users\Kesava\Documents\Visual Studio 2013\Projects\CPP_CW2016\CPP_CW2016\/Debug\FontManager.sbr" "C:\Users\Kesava\Documents\Visual Studio 2013\Projects\CPP_CW2016\CPP_CW2016\/Debug\JPGImage.sbr" "C:\Users\Kesava\Documents\Visual Studio 2013\Projects\CPP_CW2016\CPP_CW2016\/Debug\Psyku1Object.sbr" "C:\Users\Kesava\Documents\Visual Studio 2013\Projects\CPP_CW2016\CPP_CW2016\/Debug\Psyku2Object.sbr" "C:\Users\Kesava\Documents\Visual Studio 2013\Projects\CPP_CW2016\CPP_CW2016\/Debug\PsykuEngine.sbr" "C:\Users\Kesava\Documents\Visual Studio 2013\Projects\CPP_CW2016\CPP_CW2016\/Debug\PsykuTileManager.sbr" "C:\Users\Kesava\Documents\Visual Studio 2013\Projects\CPP_CW2016\CPP_CW2016\/Debug\SimpleDemo.sbr" "C:\Users\Kesava\Documents\Visual Studio 2013\Projects\CPP_CW2016\CPP_CW2016\/Debug\TileManager.sbr" "C:\Users\Kesava\Documents\Visual Studio 2013\Projects\CPP_CW2016\CPP_CW2016\/Debug\BouncingBall.sbr" "C:\Users\Kesava\Documents\Visual Studio 2013\Projects\CPP_CW2016\CPP_CW2016\/Debug\BouncingBallMain.sbr" "C:\Users\Kesava\Documents\Visual Studio 2013\Projects\CPP_CW2016\CPP_CW2016\/Debug\Demo1Main.sbr" "C:\Users\Kesava\Documents\Visual Studio 2013\Projects\CPP_CW2016\CPP_CW2016\/Debug\Demo2Main.sbr" "C:\Users\Kesava\Documents\Visual Studio 2013\Projects\CPP_CW2016\CPP_CW2016\/Debug\Demo2Object.sbr" "C:\Users\Kesava\Documents\Visual Studio 2013\Projects\CPP_CW2016\CPP_CW2016\/Debug\Demo2TileManager.sbr" "C:\Users\Kesava\Documents\Visual Studio 2013\Projects\CPP_CW2016\CPP_CW2016\/Debug\Demo3Main.sbr" "C:\Users\Kesava\Documents\Visual Studio 2013\Projects\CPP_CW2016\CPP_CW2016\/Debug\Demo3Object.sbr" "C:\Users\Kesava\Documents\Visual Studio 2013\Projects\CPP_CW2016\CPP_CW2016\/Debug\Demo3ObjectFinished.sbr" "C:\Users\Kesava\Documents\Visual Studio 2013\Projects\CPP_CW2016\CPP_CW2016\/Debug\Demo3TileManager.sbr" "C:\Users\Kesava\Documents\Visual Studio 2013\Projects\CPP_CW2016\CPP_CW2016\/Debug\Demo4Main.sbr" "C:\Users\Kesava\Documents\Visual Studio 2013\Projects\CPP_CW2016\CPP_CW2016\/Debug\Demo4Object.sbr" "C:\Users\Kesava\Documents\Visual Studio 2013\Projects\CPP_CW2016\CPP_CW2016\/Debug\Demo4TileManager.sbr"
     1>Done Building Project "C:\Users\Kesava\Documents\Visual Studio 2013\Projects\CPP_CW2016\CPP_CW2016\src\CourseworkBase.vcxproj" (Build target(s)).

Build succeeded.

Time Elapsed 00:00:04.33
